# JRE version: OpenJDK Runtime Environment (7.0_95) (build 1.7.0_95-b00)
# Java VM: OpenJDK 64-Bit Server VM (24.95-b01 mixed mode linux-amd64 compressed oops)
Heap
 PSYoungGen      total 148480K, used 20826K [0x00000000eaa80000, 0x00000000f5480000, 0x0000000100000000)
  eden space 124928K, 0% used [0x00000000eaa80000,0x00000000eaa80000,0x00000000f2480000)
  from space 23552K, 88% used [0x00000000f2480000,0x00000000f38d68d8,0x00000000f3b80000)
  to   space 21504K, 0% used [0x00000000f3b80000,0x00000000f3b80000,0x00000000f5080000)
 ParOldGen       total 83968K, used 44124K [0x00000000c0000000, 0x00000000c5200000, 0x00000000eaa80000)
  object space 83968K, 52% used [0x00000000c0000000,0x00000000c2b17090,0x00000000c5200000)
 PSPermGen       total 21504K, used 4988K [0x00000000b5a00000, 0x00000000b6f00000, 0x00000000c0000000)
  object space 21504K, 23% used [0x00000000b5a00000,0x00000000b5edf2a8,0x00000000b6f00000)
GC Heap History (10 events):
Event: 1,505 GC heap after
Heap after GC invocations=2 (full 0):
 PSYoungGen      total 36864K, used 5116K [0x00000000eaa80000, 0x00000000ef280000, 0x0000000100000000)
  eden space 31744K, 0% used [0x00000000eaa80000,0x00000000eaa80000,0x00000000ec980000)
  from space 5120K, 99% used [0x00000000ece80000,0x00000000ed37f340,0x00000000ed380000)
  to   space 5120K, 0% used [0x00000000ec980000,0x00000000ec980000,0x00000000ece80000)
 ParOldGen       total 83968K, used 4708K [0x00000000c0000000, 0x00000000c5200000, 0x00000000eaa80000)
  object space 83968K, 5% used [0x00000000c0000000,0x00000000c0499100,0x00000000c5200000)
 PSPermGen       total 21504K, used 4862K [0x00000000b5a00000, 0x00000000b6f00000, 0x00000000c0000000)
  object space 21504K, 22% used [0x00000000b5a00000,0x00000000b5ebf9f8,0x00000000b6f00000)
}
Event: 1,733 GC heap before
{Heap before GC invocations=3 (full 0):
 PSYoungGen      total 36864K, used 36860K [0x00000000eaa80000, 0x00000000ef280000, 0x0000000100000000)
  eden space 31744K, 100% used [0x00000000eaa80000,0x00000000ec980000,0x00000000ec980000)
  from space 5120K, 99% used [0x00000000ece80000,0x00000000ed37f340,0x00000000ed380000)
  to   space 5120K, 0% used [0x00000000ec980000,0x00000000ec980000,0x00000000ece80000)
 ParOldGen       total 83968K, used 4708K [0x00000000c0000000, 0x00000000c5200000, 0x00000000eaa80000)
  object space 83968K, 5% used [0x00000000c0000000,0x00000000c0499100,0x00000000c5200000)
 PSPermGen       total 21504K, used 4873K [0x00000000b5a00000, 0x00000000b6f00000, 0x00000000c0000000)
  object space 21504K, 22% used [0x00000000b5a00000,0x00000000b5ec2690,0x00000000b6f00000)
Event: 1,744 GC heap after
Heap after GC invocations=3 (full 0):
 PSYoungGen      total 36864K, used 5115K [0x00000000eaa80000, 0x00000000ef280000, 0x0000000100000000)
  eden space 31744K, 0% used [0x00000000eaa80000,0x00000000eaa80000,0x00000000ec980000)
  from space 5120K, 99% used [0x00000000ec980000,0x00000000ece7ec68,0x00000000ece80000)
  to   space 5120K, 0% used [0x00000000eed80000,0x00000000eed80000,0x00000000ef280000)
 ParOldGen       total 83968K, used 21261K [0x00000000c0000000, 0x00000000c5200000, 0x00000000eaa80000)
  object space 83968K, 25% used [0x00000000c0000000,0x00000000c14c3628,0x00000000c5200000)
 PSPermGen       total 21504K, used 4873K [0x00000000b5a00000, 0x00000000b6f00000, 0x00000000c0000000)
  object space 21504K, 22% used [0x00000000b5a00000,0x00000000b5ec2690,0x00000000b6f00000)
}
Event: 1,959 GC heap before
{Heap before GC invocations=4 (full 0):
 PSYoungGen      total 36864K, used 36859K [0x00000000eaa80000, 0x00000000ef280000, 0x0000000100000000)
  eden space 31744K, 100% used [0x00000000eaa80000,0x00000000ec980000,0x00000000ec980000)
  from space 5120K, 99% used [0x00000000ec980000,0x00000000ece7ec68,0x00000000ece80000)
  to   space 5120K, 0% used [0x00000000eed80000,0x00000000eed80000,0x00000000ef280000)
 ParOldGen       total 83968K, used 21261K [0x00000000c0000000, 0x00000000c5200000, 0x00000000eaa80000)
  object space 83968K, 25% used [0x00000000c0000000,0x00000000c14c3628,0x00000000c5200000)
 PSPermGen       total 21504K, used 4883K [0x00000000b5a00000, 0x00000000b6f00000, 0x00000000c0000000)
  object space 21504K, 22% used [0x00000000b5a00000,0x00000000b5ec4e18,0x00000000b6f00000)
Event: 1,986 GC heap after
Heap after GC invocations=4 (full 0):
 PSYoungGen      total 68608K, used 5097K [0x00000000eaa80000, 0x00000000ef280000, 0x0000000100000000)
  eden space 63488K, 0% used [0x00000000eaa80000,0x00000000eaa80000,0x00000000ee880000)
  from space 5120K, 99% used [0x00000000eed80000,0x00000000ef27a6c8,0x00000000ef280000)
  to   space 5120K, 0% used [0x00000000ee880000,0x00000000ee880000,0x00000000eed80000)
 ParOldGen       total 83968K, used 26294K [0x00000000c0000000, 0x00000000c5200000, 0x00000000eaa80000)
  object space 83968K, 31% used [0x00000000c0000000,0x00000000c19ad810,0x00000000c5200000)
 PSPermGen       total 21504K, used 4883K [0x00000000b5a00000, 0x00000000b6f00000, 0x00000000c0000000)
  object space 21504K, 22% used [0x00000000b5a00000,0x00000000b5ec4e18,0x00000000b6f00000)
}
Event: 2,567 GC heap before
{Heap before GC invocations=5 (full 0):
 PSYoungGen      total 68608K, used 68585K [0x00000000eaa80000, 0x00000000ef280000, 0x0000000100000000)
  eden space 63488K, 100% used [0x00000000eaa80000,0x00000000ee880000,0x00000000ee880000)
  from space 5120K, 99% used [0x00000000eed80000,0x00000000ef27a6c8,0x00000000ef280000)
  to   space 5120K, 0% used [0x00000000ee880000,0x00000000ee880000,0x00000000eed80000)
 ParOldGen       total 83968K, used 26294K [0x00000000c0000000, 0x00000000c5200000, 0x00000000eaa80000)
  object space 83968K, 31% used [0x00000000c0000000,0x00000000c19ad810,0x00000000c5200000)
 PSPermGen       total 21504K, used 4977K [0x00000000b5a00000, 0x00000000b6f00000, 0x00000000c0000000)
  object space 21504K, 23% used [0x00000000b5a00000,0x00000000b5edc718,0x00000000b6f00000)
Event: 2,581 GC heap after
Heap after GC invocations=5 (full 0):
 PSYoungGen      total 68608K, used 5102K [0x00000000eaa80000, 0x00000000f5080000, 0x0000000100000000)
  eden space 63488K, 0% used [0x00000000eaa80000,0x00000000eaa80000,0x00000000ee880000)
  from space 5120K, 99% used [0x00000000ee880000,0x00000000eed7bbd8,0x00000000eed80000)
  to   space 21504K, 0% used [0x00000000f3b80000,0x00000000f3b80000,0x00000000f5080000)
 ParOldGen       total 83968K, used 37320K [0x00000000c0000000, 0x00000000c5200000, 0x00000000eaa80000)
  object space 83968K, 44% used [0x00000000c0000000,0x00000000c2472188,0x00000000c5200000)
 PSPermGen       total 21504K, used 4977K [0x00000000b5a00000, 0x00000000b6f00000, 0x00000000c0000000)
  object space 21504K, 23% used [0x00000000b5a00000,0x00000000b5edc718,0x00000000b6f00000)
}
Event: 2,770 GC heap before
{Heap before GC invocations=6 (full 0):
 PSYoungGen      total 68608K, used 68590K [0x00000000eaa80000, 0x00000000f5080000, 0x0000000100000000)
  eden space 63488K, 100% used [0x00000000eaa80000,0x00000000ee880000,0x00000000ee880000)
  from space 5120K, 99% used [0x00000000ee880000,0x00000000eed7bbd8,0x00000000eed80000)
  to   space 21504K, 0% used [0x00000000f3b80000,0x00000000f3b80000,0x00000000f5080000)
 ParOldGen       total 83968K, used 37320K [0x00000000c0000000, 0x00000000c5200000, 0x00000000eaa80000)
  object space 83968K, 44% used [0x00000000c0000000,0x00000000c2472188,0x00000000c5200000)
 PSPermGen       total 21504K, used 4983K [0x00000000b5a00000, 0x00000000b6f00000, 0x00000000c0000000)
  object space 21504K, 23% used [0x00000000b5a00000,0x00000000b5eddcb0,0x00000000b6f00000)
Event: 2,794 GC heap after
Heap after GC invocations=6 (full 0):
 PSYoungGen      total 146432K, used 18245K [0x00000000eaa80000, 0x00000000f5480000, 0x0000000100000000)
  eden space 124928K, 0% used [0x00000000eaa80000,0x00000000eaa80000,0x00000000f2480000)
  from space 21504K, 84% used [0x00000000f3b80000,0x00000000f4d514f8,0x00000000f5080000)
  to   space 23552K, 0% used [0x00000000f2480000,0x00000000f2480000,0x00000000f3b80000)
 ParOldGen       total 83968K, used 37320K [0x00000000c0000000, 0x00000000c5200000, 0x00000000eaa80000)
  object space 83968K, 44% used [0x00000000c0000000,0x00000000c2472188,0x00000000c5200000)
 PSPermGen       total 21504K, used 4983K [0x00000000b5a00000, 0x00000000b6f00000, 0x00000000c0000000)
  object space 21504K, 23% used [0x00000000b5a00000,0x00000000b5eddcb0,0x00000000b6f00000)
}
Event: 3,292 GC heap before
{Heap before GC invocations=7 (full 0):
 PSYoungGen      total 146432K, used 143173K [0x00000000eaa80000, 0x00000000f5480000, 0x0000000100000000)
  eden space 124928K, 100% used [0x00000000eaa80000,0x00000000f2480000,0x00000000f2480000)
  from space 21504K, 84% used [0x00000000f3b80000,0x00000000f4d514f8,0x00000000f5080000)
  to   space 23552K, 0% used [0x00000000f2480000,0x00000000f2480000,0x00000000f3b80000)
 ParOldGen       total 83968K, used 37320K [0x00000000c0000000, 0x00000000c5200000, 0x00000000eaa80000)
  object space 83968K, 44% used [0x00000000c0000000,0x00000000c2472188,0x00000000c5200000)
 PSPermGen       total 21504K, used 4988K [0x00000000b5a00000, 0x00000000b6f00000, 0x00000000c0000000)
  object space 21504K, 23% used [0x00000000b5a00000,0x00000000b5edf2a8,0x00000000b6f00000)

